C>>>>>>>>>>>>>>>>>>>>>>>>>>>>>>>>>>>>>>>>>>>>>>>>>>>>>>>>>>>>>>>>>>>>>>>>>>>
C>>
C>>  Staad Filename: E:\OpenSees_PracticeExamples\ida-spo-temp\StaadproPractice\Structure1.std
C>>
C>>  Error Filename: E:\OpenSees_PracticeExamples\ida-spo-temp\StaadproPractice\Structure1.err
C>>
C>>  Date: Tuesday, October 07, 2025     Time: 12 : 20 : 16 PM
C>>
C>>>>>>>>>>>>>>>>>>>>>>>>>>>>>>>>>>>>>>>>>>>>>>>>>>>>>>>>>>>>>>>>>>>>>>>>>>>
E=>   148: !---------------- JOINT 40601 --------------- MEMBER 406011 206011 206015
*=> ERROR, Above line IGNORED!  Check possible syntax or typing error.
E=>   149: MEMBER 406012 206012 206015
*=> ERROR, Above line IGNORED!  Check possible syntax or typing error.
E=>   150: MEMBER 406013 206013 206015
*=> ERROR, Above line IGNORED!  Check possible syntax or typing error.
E=>   151: MEMBER 406014 206014 206015
*=> ERROR, Above line IGNORED!  Check possible syntax or typing error.
W=>   154: 406011 AX 4.94573174881635E8
*=> WARNING, Beam # 406011 is not found in structure, removed from list.
E=>   154: 406011 AX 4.94573174881635E8
*=> ERROR, Above line IGNORED!  Nothing found in list.
W=>   155: 406012 AX 1.00933300996252E9
*=> WARNING, Beam # 406012 is not found in structure, removed from list.
E=>   155: 406012 AX 1.00933300996252E9
*=> ERROR, Above line IGNORED!  Nothing found in list.
W=>   156: 406013 AX 1.00933300996252E9
*=> WARNING, Beam # 406013 is not found in structure, removed from list.
E=>   156: 406013 AX 1.00933300996252E9
*=> ERROR, Above line IGNORED!  Nothing found in list.
W=>   157: 406014 AX 4.94573174881635E8
*=> WARNING, Beam # 406014 is not found in structure, removed from list.
E=>   157: 406014 AX 4.94573174881635E8
*=> ERROR, Above line IGNORED!  Nothing found in list.
E=>   160: !---------------- JOINT 40602 --------------- MEMBER 406021 206021 206025
*=> ERROR, Above line IGNORED!  Check possible syntax or typing error.
E=>   161: MEMBER 406022 206022 206025
*=> ERROR, Above line IGNORED!  Check possible syntax or typing error.
E=>   162: MEMBER 406023 206023 206025
*=> ERROR, Above line IGNORED!  Check possible syntax or typing error.
E=>   163: MEMBER 406024 206024 206025
*=> ERROR, Above line IGNORED!  Check possible syntax or typing error.
W=>   166: 406021 AX 4.94573174881635E8
*=> WARNING, Beam # 406021 is not found in structure, removed from list.
E=>   166: 406021 AX 4.94573174881635E8
*=> ERROR, Above line IGNORED!  Nothing found in list.
W=>   167: 406022 AX 1.00933300996252E9
*=> WARNING, Beam # 406022 is not found in structure, removed from list.
E=>   167: 406022 AX 1.00933300996252E9
*=> ERROR, Above line IGNORED!  Nothing found in list.
W=>   168: 406023 AX 1.00933300996252E9
*=> WARNING, Beam # 406023 is not found in structure, removed from list.
E=>   168: 406023 AX 1.00933300996252E9
*=> ERROR, Above line IGNORED!  Nothing found in list.
W=>   169: 406024 AX 4.94573174881635E8
*=> WARNING, Beam # 406024 is not found in structure, removed from list.
E=>   169: 406024 AX 4.94573174881635E8
*=> ERROR, Above line IGNORED!  Nothing found in list.
E=>   172: !---------------- JOINT 40603 --------------- MEMBER 406031 206031 206035
*=> ERROR, Above line IGNORED!  Check possible syntax or typing error.
E=>   173: MEMBER 406032 206032 206035
*=> ERROR, Above line IGNORED!  Check possible syntax or typing error.
E=>   174: MEMBER 406033 206033 206035
*=> ERROR, Above line IGNORED!  Check possible syntax or typing error.
E=>   175: MEMBER 406034 206034 206035
*=> ERROR, Above line IGNORED!  Check possible syntax or typing error.
W=>   178: 406031 AX 4.94573174881635E8
*=> WARNING, Beam # 406031 is not found in structure, removed from list.
E=>   178: 406031 AX 4.94573174881635E8
*=> ERROR, Above line IGNORED!  Nothing found in list.
W=>   179: 406032 AX 1.00933300996252E9
*=> WARNING, Beam # 406032 is not found in structure, removed from list.
E=>   179: 406032 AX 1.00933300996252E9
*=> ERROR, Above line IGNORED!  Nothing found in list.
W=>   180: 406033 AX 1.00933300996252E9
*=> WARNING, Beam # 406033 is not found in structure, removed from list.
E=>   180: 406033 AX 1.00933300996252E9
*=> ERROR, Above line IGNORED!  Nothing found in list.
W=>   181: 406034 AX 4.94573174881635E8
*=> WARNING, Beam # 406034 is not found in structure, removed from list.
E=>   181: 406034 AX 4.94573174881635E8
*=> ERROR, Above line IGNORED!  Nothing found in list.
E=>   184: !---------------- JOINT 40604 --------------- MEMBER 406041 206041 206045
*=> ERROR, Above line IGNORED!  Check possible syntax or typing error.
E=>   185: MEMBER 406042 206042 206045
*=> ERROR, Above line IGNORED!  Check possible syntax or typing error.
E=>   186: MEMBER 406043 206043 206045
*=> ERROR, Above line IGNORED!  Check possible syntax or typing error.
E=>   187: MEMBER 406044 206044 206045
*=> ERROR, Above line IGNORED!  Check possible syntax or typing error.
W=>   190: 406041 AX 4.94573174881635E8
*=> WARNING, Beam # 406041 is not found in structure, removed from list.
E=>   190: 406041 AX 4.94573174881635E8
*=> ERROR, Above line IGNORED!  Nothing found in list.
W=>   191: 406042 AX 1.00933300996252E9
*=> WARNING, Beam # 406042 is not found in structure, removed from list.
E=>   191: 406042 AX 1.00933300996252E9
*=> ERROR, Above line IGNORED!  Nothing found in list.
W=>   192: 406043 AX 1.00933300996252E9
*=> WARNING, Beam # 406043 is not found in structure, removed from list.
E=>   192: 406043 AX 1.00933300996252E9
*=> ERROR, Above line IGNORED!  Nothing found in list.
W=>   193: 406044 AX 4.94573174881635E8
*=> WARNING, Beam # 406044 is not found in structure, removed from list.
E=>   193: 406044 AX 4.94573174881635E8
*=> ERROR, Above line IGNORED!  Nothing found in list.
E=>   196: !---------------- JOINT 40501 --------------- MEMBER 405011 205011 205015
*=> ERROR, Above line IGNORED!  Check possible syntax or typing error.
E=>   197: MEMBER 405012 205012 205015
*=> ERROR, Above line IGNORED!  Check possible syntax or typing error.
E=>   198: MEMBER 405013 205013 205015
*=> ERROR, Above line IGNORED!  Check possible syntax or typing error.
E=>   199: MEMBER 405014 205014 205015
*=> ERROR, Above line IGNORED!  Check possible syntax or typing error.
W=>   202: 405011 AX 4.94573174881635E8
*=> WARNING, Beam # 405011 is not found in structure, removed from list.
E=>   202: 405011 AX 4.94573174881635E8
*=> ERROR, Above line IGNORED!  Nothing found in list.
W=>   203: 405012 AX 1.00933300996252E9
*=> WARNING, Beam # 405012 is not found in structure, removed from list.
E=>   203: 405012 AX 1.00933300996252E9
*=> ERROR, Above line IGNORED!  Nothing found in list.
W=>   204: 405013 AX 1.00933300996252E9
*=> WARNING, Beam # 405013 is not found in structure, removed from list.
E=>   204: 405013 AX 1.00933300996252E9
*=> ERROR, Above line IGNORED!  Nothing found in list.
W=>   205: 405014 AX 4.94573174881635E8
*=> WARNING, Beam # 405014 is not found in structure, removed from list.
E=>   205: 405014 AX 4.94573174881635E8
*=> ERROR, Above line IGNORED!  Nothing found in list.
E=>   208: !---------------- JOINT 40502 --------------- MEMBER 405021 205021 205025
*=> ERROR, Above line IGNORED!  Check possible syntax or typing error.
E=>   209: MEMBER 405022 205022 205025
*=> ERROR, Above line IGNORED!  Check possible syntax or typing error.
E=>   210: MEMBER 405023 205023 205025
*=> ERROR, Above line IGNORED!  Check possible syntax or typing error.
E=>   211: MEMBER 405024 205024 205025
*=> ERROR, Above line IGNORED!  Check possible syntax or typing error.
W=>   214: 405021 AX 4.94573174881635E8
*=> WARNING, Beam # 405021 is not found in structure, removed from list.
E=>   214: 405021 AX 4.94573174881635E8
*=> ERROR, Above line IGNORED!  Nothing found in list.
W=>   215: 405022 AX 1.00933300996252E9
*=> WARNING, Beam # 405022 is not found in structure, removed from list.
E=>   215: 405022 AX 1.00933300996252E9
*=> ERROR, Above line IGNORED!  Nothing found in list.
W=>   216: 405023 AX 1.00933300996252E9
*=> WARNING, Beam # 405023 is not found in structure, removed from list.
E=>   216: 405023 AX 1.00933300996252E9
*=> ERROR, Above line IGNORED!  Nothing found in list.
W=>   217: 405024 AX 4.94573174881635E8
*=> WARNING, Beam # 405024 is not found in structure, removed from list.
E=>   217: 405024 AX 4.94573174881635E8
*=> ERROR, Above line IGNORED!  Nothing found in list.
E=>   220: !---------------- JOINT 40503 --------------- MEMBER 405031 205031 205035
*=> ERROR, Above line IGNORED!  Check possible syntax or typing error.
E=>   221: MEMBER 405032 205032 205035
*=> ERROR, Above line IGNORED!  Check possible syntax or typing error.
E=>   222: MEMBER 405033 205033 205035
*=> ERROR, Above line IGNORED!  Check possible syntax or typing error.
E=>   223: MEMBER 405034 205034 205035
*=> ERROR, Above line IGNORED!  Check possible syntax or typing error.
W=>   226: 405031 AX 4.94573174881635E8
*=> WARNING, Beam # 405031 is not found in structure, removed from list.
E=>   226: 405031 AX 4.94573174881635E8
*=> ERROR, Above line IGNORED!  Nothing found in list.
W=>   227: 405032 AX 1.00933300996252E9
*=> WARNING, Beam # 405032 is not found in structure, removed from list.
E=>   227: 405032 AX 1.00933300996252E9
*=> ERROR, Above line IGNORED!  Nothing found in list.
W=>   228: 405033 AX 1.00933300996252E9
*=> WARNING, Beam # 405033 is not found in structure, removed from list.
E=>   228: 405033 AX 1.00933300996252E9
*=> ERROR, Above line IGNORED!  Nothing found in list.
W=>   229: 405034 AX 4.94573174881635E8
*=> WARNING, Beam # 405034 is not found in structure, removed from list.
E=>   229: 405034 AX 4.94573174881635E8
*=> ERROR, Above line IGNORED!  Nothing found in list.
E=>   232: !---------------- JOINT 40504 --------------- MEMBER 405041 205041 205045
*=> ERROR, Above line IGNORED!  Check possible syntax or typing error.
E=>   233: MEMBER 405042 205042 205045
*=> ERROR, Above line IGNORED!  Check possible syntax or typing error.
E=>   234: MEMBER 405043 205043 205045
*=> ERROR, Above line IGNORED!  Check possible syntax or typing error.
E=>   235: MEMBER 405044 205044 205045
*=> ERROR, Above line IGNORED!  Check possible syntax or typing error.
W=>   238: 405041 AX 4.94573174881635E8
*=> WARNING, Beam # 405041 is not found in structure, removed from list.
E=>   238: 405041 AX 4.94573174881635E8
*=> ERROR, Above line IGNORED!  Nothing found in list.
W=>   239: 405042 AX 1.00933300996252E9
*=> WARNING, Beam # 405042 is not found in structure, removed from list.
E=>   239: 405042 AX 1.00933300996252E9
*=> ERROR, Above line IGNORED!  Nothing found in list.
W=>   240: 405043 AX 1.00933300996252E9
*=> WARNING, Beam # 405043 is not found in structure, removed from list.
E=>   240: 405043 AX 1.00933300996252E9
*=> ERROR, Above line IGNORED!  Nothing found in list.
W=>   241: 405044 AX 4.94573174881635E8
*=> WARNING, Beam # 405044 is not found in structure, removed from list.
E=>   241: 405044 AX 4.94573174881635E8
*=> ERROR, Above line IGNORED!  Nothing found in list.
E=>   244: !---------------- JOINT 40401 --------------- MEMBER 404011 204011 204015
*=> ERROR, Above line IGNORED!  Check possible syntax or typing error.
E=>   245: MEMBER 404012 204012 204015
*=> ERROR, Above line IGNORED!  Check possible syntax or typing error.
E=>   246: MEMBER 404013 204013 204015
*=> ERROR, Above line IGNORED!  Check possible syntax or typing error.
E=>   247: MEMBER 404014 204014 204015
*=> ERROR, Above line IGNORED!  Check possible syntax or typing error.
*=> File bug message limit exceeded. Use IGNORE LIST. Error file 
	terminated...
